[debug] [2019-11-15T11:30:56.121Z] ----------------------------------------------------------------------
[debug] [2019-11-15T11:30:56.124Z] Command:       C:\Program Files\nodejs\node.exe C:\Users\melake\AppData\Roaming\npm\node_modules\firebase-tools\lib\bin\firebase.js deploy
[debug] [2019-11-15T11:30:56.124Z] CLI Version:   7.5.0
[debug] [2019-11-15T11:30:56.124Z] Platform:      win32
[debug] [2019-11-15T11:30:56.124Z] Node Version:  v10.15.3
[debug] [2019-11-15T11:30:56.127Z] Time:          Fri Nov 15 2019 14:30:56 GMT+0300 (East Africa Time)
[debug] [2019-11-15T11:30:56.127Z] ----------------------------------------------------------------------
[debug] 
[debug] [2019-11-15T11:30:56.143Z] > command requires scopes: ["email","openid","https://www.googleapis.com/auth/cloudplatformprojects.readonly","https://www.googleapis.com/auth/firebase","https://www.googleapis.com/auth/cloud-platform"]
[debug] [2019-11-15T11:30:56.143Z] > authorizing via signed-in user
[debug] [2019-11-15T11:30:56.144Z] [iam] checking project gdg-addis-platform for permissions ["firebase.projects.get","firebasehosting.sites.update"]
[debug] [2019-11-15T11:30:56.146Z] > refreshing access token with scopes: ["email","https://www.googleapis.com/auth/cloud-platform","https://www.googleapis.com/auth/cloudplatformprojects.readonly","https://www.googleapis.com/auth/firebase","openid"]
[debug] [2019-11-15T11:30:56.146Z] >>> HTTP REQUEST POST https://www.googleapis.com/oauth2/v3/token  
 <request body omitted>
[debug] [2019-11-15T11:30:57.093Z] <<< HTTP RESPONSE 200
[debug] [2019-11-15T11:30:57.098Z] >>> HTTP REQUEST POST https://cloudresourcemanager.googleapis.com/v1/projects/gdg-addis-platform:testIamPermissions  

[debug] [2019-11-15T11:31:00.433Z] <<< HTTP RESPONSE 200
[debug] [2019-11-15T11:31:00.435Z] >>> HTTP REQUEST GET https://firebase.googleapis.com/v1beta1/projects/gdg-addis-platform  
 
[debug] [2019-11-15T11:31:02.789Z] <<< HTTP RESPONSE 200
[info] 
[info] === Deploying to 'gdg-addis-platform'...
[info] 
[info] i  deploying hosting
[debug] [2019-11-15T11:31:02.794Z] >>> HTTP REQUEST POST https://firebasehosting.googleapis.com/v1beta1/sites/devfestaddisababa/versions  

[debug] [2019-11-15T11:31:06.345Z] Error: connect ECONNREFUSED 216.58.208.74:443
    at TCPConnectWrap.afterConnect [as oncomplete] (net.js:1097:14)
[error] 
[error] Error: Server Error. connect ECONNREFUSED 216.58.208.74:443
[debug] [2019-11-15T11:31:10.384Z] ----------------------------------------------------------------------
[debug] [2019-11-15T11:31:10.386Z] Command:       C:\Program Files\nodejs\node.exe C:\Users\melake\AppData\Roaming\npm\node_modules\firebase-tools\lib\bin\firebase.js deploy
[debug] [2019-11-15T11:31:10.387Z] CLI Version:   7.5.0
[debug] [2019-11-15T11:31:10.387Z] Platform:      win32
[debug] [2019-11-15T11:31:10.387Z] Node Version:  v10.15.3
[debug] [2019-11-15T11:31:10.388Z] Time:          Fri Nov 15 2019 14:31:10 GMT+0300 (East Africa Time)
[debug] [2019-11-15T11:31:10.388Z] ----------------------------------------------------------------------
[debug] 
[debug] [2019-11-15T11:31:10.397Z] > command requires scopes: ["email","openid","https://www.googleapis.com/auth/cloudplatformprojects.readonly","https://www.googleapis.com/auth/firebase","https://www.googleapis.com/auth/cloud-platform"]
[debug] [2019-11-15T11:31:10.398Z] > authorizing via signed-in user
[debug] [2019-11-15T11:31:10.398Z] [iam] checking project gdg-addis-platform for permissions ["firebase.projects.get","firebasehosting.sites.update"]
[debug] [2019-11-15T11:31:10.400Z] >>> HTTP REQUEST POST https://cloudresourcemanager.googleapis.com/v1/projects/gdg-addis-platform:testIamPermissions  

[debug] [2019-11-15T11:31:13.376Z] <<< HTTP RESPONSE 200
[debug] [2019-11-15T11:31:13.379Z] >>> HTTP REQUEST GET https://firebase.googleapis.com/v1beta1/projects/gdg-addis-platform  
 
[debug] [2019-11-15T11:31:14.101Z] <<< HTTP RESPONSE 200
[info] 
[info] === Deploying to 'gdg-addis-platform'...
[info] 
[info] i  deploying hosting
[debug] [2019-11-15T11:31:14.108Z] >>> HTTP REQUEST POST https://firebasehosting.googleapis.com/v1beta1/sites/devfestaddisababa/versions  

[debug] [2019-11-15T11:31:17.522Z] <<< HTTP RESPONSE 200
[info] i  hosting[devfestaddisababa]: beginning deploy...
[info] i  hosting[devfestaddisababa]: found 131 files in dist
[debug] [2019-11-15T11:31:17.567Z] [hosting] hash cache [ZGlzdA] load error: lines is not defined
[debug] [2019-11-15T11:31:18.210Z] [hosting] hash cache [ZGlzdA] stored for 131 files
[debug] [2019-11-15T11:31:18.210Z] [hosting][hash queue][FINAL]
[debug] [2019-11-15T11:31:18.211Z] >>> HTTP REQUEST POST https://firebasehosting.googleapis.com/v1beta1/sites/devfestaddisababa/versions/e4dea95086cdb8db:populateFiles  
 <request body omitted>
[debug] [2019-11-15T11:31:19.636Z] [populateQueue] Retrying task index 0
[debug] [2019-11-15T11:31:19.637Z] >>> HTTP REQUEST POST https://firebasehosting.googleapis.com/v1beta1/sites/devfestaddisababa/versions/e4dea95086cdb8db:populateFiles  
 <request body omitted>
[debug] [2019-11-15T11:31:26.131Z] <<< HTTP RESPONSE 200
[debug] [2019-11-15T11:31:26.137Z] [hosting][populate queue][FINAL]
[debug] [2019-11-15T11:31:26.137Z] [hosting] uploads queued: 7
[debug] [2019-11-15T11:31:28.084Z] [uploadQueue] Retrying task 08e1f25d75174be7645e54e02af392604b8d4f1bf07c7703c723f7ba7fb32d9b
[debug] [2019-11-15T11:31:28.085Z] [uploadQueue] Retrying task 61767f44a84b407973ee75e470725a55e642c7fa2908aa2e7c5143bd0660ccbb
[debug] [2019-11-15T11:31:28.086Z] [uploadQueue] Retrying task 3e46c056d0d533f027d5e856b1dea063af198020bfa99511d9fe13279d4fba84
[debug] [2019-11-15T11:31:28.087Z] [uploadQueue] Retrying task 1803e787977ace0b0178acd52ebe3dca8c164dddbe4dc7d80ea1a5c363130146
[debug] [2019-11-15T11:31:29.907Z] [uploadQueue] Retrying task 1803e787977ace0b0178acd52ebe3dca8c164dddbe4dc7d80ea1a5c363130146
[debug] [2019-11-15T11:31:29.910Z] [uploadQueue] Retrying task 08e1f25d75174be7645e54e02af392604b8d4f1bf07c7703c723f7ba7fb32d9b
[debug] [2019-11-15T11:31:32.524Z] [uploadQueue] Retrying task 08e1f25d75174be7645e54e02af392604b8d4f1bf07c7703c723f7ba7fb32d9b
[debug] [2019-11-15T11:31:35.768Z] [hosting][upload queue][FINAL]
[info] +  hosting[devfestaddisababa]: file upload complete
[debug] [2019-11-15T11:31:35.770Z] [hosting] deploy completed after 18246ms
[debug] [2019-11-15T11:31:36.779Z] [
  {
    "config": {
      "target": "devfest",
      "public": "dist",
      "rewrites": [
        {
          "source": "**",
          "destination": "/index.html"
        }
      ],
      "ignore": [
        "firebase.json",
        "**/.*",
        "**/node_modules/**"
      ]
    },
    "site": "devfestaddisababa",
    "version": "sites/devfestaddisababa/versions/e4dea95086cdb8db"
  }
]
[info] i  hosting[devfestaddisababa]: finalizing version...
[debug] [2019-11-15T11:31:36.781Z] >>> HTTP REQUEST PATCH https://firebasehosting.googleapis.com/v1beta1/sites/devfestaddisababa/versions/e4dea95086cdb8db?updateMask=status  

[debug] [2019-11-15T11:31:39.029Z] <<< HTTP RESPONSE 200
[debug] [2019-11-15T11:31:39.030Z] [hosting] finalized version for devfestaddisababa:
[info] +  hosting[devfestaddisababa]: version finalized
[info] i  hosting[devfestaddisababa]: releasing new version...
[debug] [2019-11-15T11:31:39.032Z] >>> HTTP REQUEST POST https://firebasehosting.googleapis.com/v1beta1/sites/devfestaddisababa/releases?version_name=sites/devfestaddisababa/versions/e4dea95086cdb8db  

[debug] [2019-11-15T11:31:40.606Z] Error: connect ECONNREFUSED 216.58.208.74:443
    at TCPConnectWrap.afterConnect [as oncomplete] (net.js:1097:14)
[error] 
[error] Error: Server Error. connect ECONNREFUSED 216.58.208.74:443
[debug] [2019-11-15T11:31:45.402Z] ----------------------------------------------------------------------
[debug] [2019-11-15T11:31:45.404Z] Command:       C:\Program Files\nodejs\node.exe C:\Users\melake\AppData\Roaming\npm\node_modules\firebase-tools\lib\bin\firebase.js deploy
[debug] [2019-11-15T11:31:45.405Z] CLI Version:   7.5.0
[debug] [2019-11-15T11:31:45.405Z] Platform:      win32
[debug] [2019-11-15T11:31:45.405Z] Node Version:  v10.15.3
[debug] [2019-11-15T11:31:45.406Z] Time:          Fri Nov 15 2019 14:31:45 GMT+0300 (East Africa Time)
[debug] [2019-11-15T11:31:45.406Z] ----------------------------------------------------------------------
[debug] 
[debug] [2019-11-15T11:31:45.414Z] > command requires scopes: ["email","openid","https://www.googleapis.com/auth/cloudplatformprojects.readonly","https://www.googleapis.com/auth/firebase","https://www.googleapis.com/auth/cloud-platform"]
[debug] [2019-11-15T11:31:45.414Z] > authorizing via signed-in user
[debug] [2019-11-15T11:31:45.414Z] [iam] checking project gdg-addis-platform for permissions ["firebase.projects.get","firebasehosting.sites.update"]
[debug] [2019-11-15T11:31:45.416Z] >>> HTTP REQUEST POST https://cloudresourcemanager.googleapis.com/v1/projects/gdg-addis-platform:testIamPermissions  

[debug] [2019-11-15T11:31:47.047Z] Error: connect ECONNREFUSED 216.58.210.74:443
    at TCPConnectWrap.afterConnect [as oncomplete] (net.js:1097:14)
[error] 
[error] Error: Server Error. connect ECONNREFUSED 216.58.210.74:443
[debug] [2019-11-15T11:31:50.193Z] ----------------------------------------------------------------------
[debug] [2019-11-15T11:31:50.195Z] Command:       C:\Program Files\nodejs\node.exe C:\Users\melake\AppData\Roaming\npm\node_modules\firebase-tools\lib\bin\firebase.js deploy
[debug] [2019-11-15T11:31:50.196Z] CLI Version:   7.5.0
[debug] [2019-11-15T11:31:50.196Z] Platform:      win32
[debug] [2019-11-15T11:31:50.196Z] Node Version:  v10.15.3
[debug] [2019-11-15T11:31:50.197Z] Time:          Fri Nov 15 2019 14:31:50 GMT+0300 (East Africa Time)
[debug] [2019-11-15T11:31:50.197Z] ----------------------------------------------------------------------
[debug] 
[debug] [2019-11-15T11:31:50.211Z] > command requires scopes: ["email","openid","https://www.googleapis.com/auth/cloudplatformprojects.readonly","https://www.googleapis.com/auth/firebase","https://www.googleapis.com/auth/cloud-platform"]
[debug] [2019-11-15T11:31:50.212Z] > authorizing via signed-in user
[debug] [2019-11-15T11:31:50.212Z] [iam] checking project gdg-addis-platform for permissions ["firebase.projects.get","firebasehosting.sites.update"]
[debug] [2019-11-15T11:31:50.214Z] >>> HTTP REQUEST POST https://cloudresourcemanager.googleapis.com/v1/projects/gdg-addis-platform:testIamPermissions  

[debug] [2019-11-15T11:31:52.119Z] <<< HTTP RESPONSE 200
[debug] [2019-11-15T11:31:52.122Z] >>> HTTP REQUEST GET https://firebase.googleapis.com/v1beta1/projects/gdg-addis-platform  
 
[debug] [2019-11-15T11:31:53.145Z] Server Error. connect ECONNREFUSED 172.217.16.138:443
[debug] [2019-11-15T11:31:54.166Z] FirebaseError: Server Error. connect ECONNREFUSED 172.217.16.138:443
    at Request._callback (C:\Users\melake\AppData\Roaming\npm\node_modules\firebase-tools\lib\api.js:30:31)
    at self.callback (C:\Users\melake\AppData\Roaming\npm\node_modules\firebase-tools\node_modules\request\request.js:185:22)
    at Request.emit (events.js:189:13)
    at Request.EventEmitter.emit (domain.js:441:20)
    at Request.onRequestError (C:\Users\melake\AppData\Roaming\npm\node_modules\firebase-tools\node_modules\request\request.js:881:8)
    at ClientRequest.emit (events.js:194:15)
    at ClientRequest.EventEmitter.emit (domain.js:441:20)
    at TLSSocket.socketErrorListener (_http_client.js:392:9)
    at TLSSocket.emit (events.js:189:13)
    at TLSSocket.EventEmitter.emit (domain.js:441:20)
[error] 
[error] Error: Failed to get Firebase project gdg-addis-platform. Please make sure the project exists and your account has permission to access it.
[debug] [2019-11-15T11:31:57.245Z] ----------------------------------------------------------------------
[debug] [2019-11-15T11:31:57.248Z] Command:       C:\Program Files\nodejs\node.exe C:\Users\melake\AppData\Roaming\npm\node_modules\firebase-tools\lib\bin\firebase.js deploy
[debug] [2019-11-15T11:31:57.248Z] CLI Version:   7.5.0
[debug] [2019-11-15T11:31:57.248Z] Platform:      win32
[debug] [2019-11-15T11:31:57.248Z] Node Version:  v10.15.3
[debug] [2019-11-15T11:31:57.249Z] Time:          Fri Nov 15 2019 14:31:57 GMT+0300 (East Africa Time)
[debug] [2019-11-15T11:31:57.249Z] ----------------------------------------------------------------------
[debug] 
[debug] [2019-11-15T11:31:57.258Z] > command requires scopes: ["email","openid","https://www.googleapis.com/auth/cloudplatformprojects.readonly","https://www.googleapis.com/auth/firebase","https://www.googleapis.com/auth/cloud-platform"]
[debug] [2019-11-15T11:31:57.258Z] > authorizing via signed-in user
[debug] [2019-11-15T11:31:57.259Z] [iam] checking project gdg-addis-platform for permissions ["firebase.projects.get","firebasehosting.sites.update"]
[debug] [2019-11-15T11:31:57.260Z] >>> HTTP REQUEST POST https://cloudresourcemanager.googleapis.com/v1/projects/gdg-addis-platform:testIamPermissions  

[debug] [2019-11-15T11:31:59.326Z] Error: connect ECONNREFUSED 216.58.210.74:443
    at TCPConnectWrap.afterConnect [as oncomplete] (net.js:1097:14)
[error] 
[error] Error: Server Error. connect ECONNREFUSED 216.58.210.74:443
[debug] [2019-11-15T11:35:17.393Z] ----------------------------------------------------------------------
[debug] [2019-11-15T11:35:17.395Z] Command:       C:\Program Files\nodejs\node.exe C:\Users\melake\AppData\Roaming\npm\node_modules\firebase-tools\lib\bin\firebase.js deploy
[debug] [2019-11-15T11:35:17.395Z] CLI Version:   7.5.0
[debug] [2019-11-15T11:35:17.395Z] Platform:      win32
[debug] [2019-11-15T11:35:17.395Z] Node Version:  v10.15.3
[debug] [2019-11-15T11:35:17.396Z] Time:          Fri Nov 15 2019 14:35:17 GMT+0300 (East Africa Time)
[debug] [2019-11-15T11:35:17.396Z] ----------------------------------------------------------------------
[debug] 
[debug] [2019-11-15T11:35:17.410Z] > command requires scopes: ["email","openid","https://www.googleapis.com/auth/cloudplatformprojects.readonly","https://www.googleapis.com/auth/firebase","https://www.googleapis.com/auth/cloud-platform"]
[debug] [2019-11-15T11:35:17.411Z] > authorizing via signed-in user
[debug] [2019-11-15T11:35:17.411Z] [iam] checking project gdg-addis-platform for permissions ["firebase.projects.get","firebasehosting.sites.update"]
[debug] [2019-11-15T11:35:17.413Z] >>> HTTP REQUEST POST https://cloudresourcemanager.googleapis.com/v1/projects/gdg-addis-platform:testIamPermissions  

[debug] [2019-11-15T11:35:21.442Z] <<< HTTP RESPONSE 200
[debug] [2019-11-15T11:35:21.445Z] >>> HTTP REQUEST GET https://firebase.googleapis.com/v1beta1/projects/gdg-addis-platform  
 
[debug] [2019-11-15T11:35:22.636Z] Server Error. connect ECONNREFUSED 172.217.16.138:443
[debug] [2019-11-15T11:35:23.749Z] FirebaseError: Server Error. connect ECONNREFUSED 172.217.16.138:443
    at Request._callback (C:\Users\melake\AppData\Roaming\npm\node_modules\firebase-tools\lib\api.js:30:31)
    at self.callback (C:\Users\melake\AppData\Roaming\npm\node_modules\firebase-tools\node_modules\request\request.js:185:22)
    at Request.emit (events.js:189:13)
    at Request.EventEmitter.emit (domain.js:441:20)
    at Request.onRequestError (C:\Users\melake\AppData\Roaming\npm\node_modules\firebase-tools\node_modules\request\request.js:881:8)
    at ClientRequest.emit (events.js:194:15)
    at ClientRequest.EventEmitter.emit (domain.js:441:20)
    at TLSSocket.socketErrorListener (_http_client.js:392:9)
    at TLSSocket.emit (events.js:189:13)
    at TLSSocket.EventEmitter.emit (domain.js:441:20)
[error] 
[error] Error: Failed to get Firebase project gdg-addis-platform. Please make sure the project exists and your account has permission to access it.
